<?xml version="1.0" encoding="UTF-8"?>
<!-- Generated by org.testng.reporters.JUnitReportReporter -->
<testsuite hostname="LAPTOP-95NO9S2C" failures="0" tests="1" name="kdf.Application" time="22.894" errors="0" timestamp="2021-11-07T20:40:21 IST" skipped="0">
  <testcase classname="kdf.Application" name="verifyInvalidLogin" time="22.894"/>
  <system-out/>
</testsuite> <!-- kdf.Application -->
